The system is: Windows - 10.0.19043 - AMD64
Compiling the CXX compiler identification source file "CMakeCXXCompilerId.cpp" succeeded.
Compiler: C:/Program Files (x86)/Microsoft Visual Studio/2019/Community/VC/Tools/MSVC/14.29.30133/bin/HostX64/x64/cl.exe 
Build flags: 
Id flags:  

The output was:
0
用于 x64 的 Microsoft (R) C/C++ 优化编译器 19.29.30136 版
版权所有(C) Microsoft Corporation。保留所有权利。

CMakeCXXCompilerId.cpp
Microsoft (R) Incremental Linker Version 14.29.30136.0
Copyright (C) Microsoft Corporation.  All rights reserved.

/out:CMakeCXXCompilerId.exe 
CMakeCXXCompilerId.obj 


Compilation of the CXX compiler identification source "CMakeCXXCompilerId.cpp" produced "CMakeCXXCompilerId.exe"

Compilation of the CXX compiler identification source "CMakeCXXCompilerId.cpp" produced "CMakeCXXCompilerId.obj"

The CXX compiler identification is MSVC, found in "A:/A_EEEE2046/WorkSheet-6/Exercise_3/build-Ex_3_1-Desktop_Qt_6_2_0_MSVC2019_64bit-Debug/CMakeFiles/3.21.1/CompilerIdCXX/CMakeCXXCompilerId.exe"

Detecting CXX compiler ABI info compiled with the following output:
Change Dir: A:/A_EEEE2046/WorkSheet-6/Exercise_3/build-Ex_3_1-Desktop_Qt_6_2_0_MSVC2019_64bit-Debug/CMakeFiles/CMakeTmp

Run Build Command(s):C:/PROGRA~2/MICROS~2/2019/COMMUN~1/Common7/IDE/COMMON~1/MICROS~1/CMake/Ninja/ninja.exe cmTC_9828b && [1/2] Building CXX object CMakeFiles\cmTC_9828b.dir\CMakeCXXCompilerABI.cpp.obj
[2/2] Linking CXX executable cmTC_9828b.exe



Performing C++ SOURCE FILE Test HAVE_STDATOMIC succeeded with the following output:
Change Dir: A:/A_EEEE2046/WorkSheet-6/Exercise_3/build-Ex_3_1-Desktop_Qt_6_2_0_MSVC2019_64bit-Debug/CMakeFiles/CMakeTmp

Run Build Command(s):C:/PROGRA~2/MICROS~2/2019/COMMUN~1/Common7/IDE/COMMON~1/MICROS~1/CMake/Ninja/ninja.exe cmTC_8e618 && [1/2] Building CXX object CMakeFiles\cmTC_8e618.dir\src.cxx.obj
A:\A_EEEE2046\WorkSheet-6\Exercise_3\build-Ex_3_1-Desktop_Qt_6_2_0_MSVC2019_64bit-Debug\CMakeFiles\CMakeTmp\src.cxx(17): warning C4312: “类型强制转换”: 从“unsigned int”转换到更大的“void *”
[2/2] Linking CXX executable cmTC_8e618.exe


Source file was:
#include <atomic>
#include <cstdint>

void test(volatile std::atomic<std::int64_t> &a)
{
    std::int64_t v = a.load(std::memory_order_acquire);
    while (!a.compare_exchange_strong(v, v + 1,
                                      std::memory_order_acq_rel,
                                      std::memory_order_acquire)) {
        v = a.exchange(v - 1);
    }
    a.store(v + 1, std::memory_order_release);
}

int main(int, char **)
{
    void *ptr = (void*)0xffffffc0; // any random pointer
    test(*reinterpret_cast<std::atomic<std::int64_t> *>(ptr));
    return 0;
}
Compiling the C compiler identification source file "CMakeCCompilerId.c" succeeded.
Compiler: C:/Program Files (x86)/Microsoft Visual Studio/2019/Community/VC/Tools/MSVC/14.29.30133/bin/HostX64/x64/cl.exe 
Build flags: 
Id flags:  

The output was:
0
用于 x64 的 Microsoft (R) C/C++ 优化编译器 19.29.30136 版
版权所有(C) Microsoft Corporation。保留所有权利。

CMakeCCompilerId.c
Microsoft (R) Incremental Linker Version 14.29.30136.0
Copyright (C) Microsoft Corporation.  All rights reserved.

/out:CMakeCCompilerId.exe 
CMakeCCompilerId.obj 


Compilation of the C compiler identification source "CMakeCCompilerId.c" produced "CMakeCCompilerId.exe"

Compilation of the C compiler identification source "CMakeCCompilerId.c" produced "CMakeCCompilerId.obj"

The C compiler identification is MSVC, found in "A:/A_EEEE2046/WorkSheet-6/Exercise_3/build-Ex_3_1-Desktop_Qt_6_2_0_MSVC2019_64bit-Debug/CMakeFiles/3.21.1/CompilerIdC/CMakeCCompilerId.exe"

Detecting C compiler ABI info compiled with the following output:
Change Dir: A:/A_EEEE2046/WorkSheet-6/Exercise_3/build-Ex_3_1-Desktop_Qt_6_2_0_MSVC2019_64bit-Debug/CMakeFiles/CMakeTmp

Run Build Command(s):C:/PROGRA~2/MICROS~2/2019/COMMUN~1/Common7/IDE/COMMON~1/MICROS~1/CMake/Ninja/ninja.exe cmTC_1ce27 && [1/2] Building C object CMakeFiles\cmTC_1ce27.dir\CMakeCCompilerABI.c.obj
[2/2] Linking C executable cmTC_1ce27.exe



