  CPack: Create package using NSIS
  CPack: Install projects
  CPack: - Install project: calc [Debug]
  CPack: Create package
EXEC : CPack error : Problem running NSIS command: "C:/Program Files (x86)/NSIS/Bin/makensis.exe" "D:/GitHub/2021_STUDENT20281089/Worksheet8/build/_CPack_Packages/win64/NSIS/project.nsi"
  Please check D:/GitHub/2021_STUDENT20281089/Worksheet8/build/_CPack_Packages/win64/NSIS/NSISOutput.log for errors
EXEC : CPack error : Problem compressing the directory
EXEC : CPack error : Error when generating package: calc
C:\Program Files (x86)\Microsoft Visual Studio\2019\Community\MSBuild\Microsoft\VC\v160\Microsoft.CppCommon.targets(155,5): error MSB3073: 命令“setlocal
C:\Program Files (x86)\Microsoft Visual Studio\2019\Community\MSBuild\Microsoft\VC\v160\Microsoft.CppCommon.targets(155,5): error MSB3073: cd D:\GitHub\2021_STUDENT20281089\Worksheet8\build
C:\Program Files (x86)\Microsoft Visual Studio\2019\Community\MSBuild\Microsoft\VC\v160\Microsoft.CppCommon.targets(155,5): error MSB3073: if %errorlevel% neq 0 goto :cmEnd
C:\Program Files (x86)\Microsoft Visual Studio\2019\Community\MSBuild\Microsoft\VC\v160\Microsoft.CppCommon.targets(155,5): error MSB3073: D:
C:\Program Files (x86)\Microsoft Visual Studio\2019\Community\MSBuild\Microsoft\VC\v160\Microsoft.CppCommon.targets(155,5): error MSB3073: if %errorlevel% neq 0 goto :cmEnd
C:\Program Files (x86)\Microsoft Visual Studio\2019\Community\MSBuild\Microsoft\VC\v160\Microsoft.CppCommon.targets(155,5): error MSB3073: "C:\Program Files\CMake\bin\cpack.exe" -C Debug --config ./CPackConfig.cmake
C:\Program Files (x86)\Microsoft Visual Studio\2019\Community\MSBuild\Microsoft\VC\v160\Microsoft.CppCommon.targets(155,5): error MSB3073: if %errorlevel% neq 0 goto :cmEnd
C:\Program Files (x86)\Microsoft Visual Studio\2019\Community\MSBuild\Microsoft\VC\v160\Microsoft.CppCommon.targets(155,5): error MSB3073: :cmEnd
C:\Program Files (x86)\Microsoft Visual Studio\2019\Community\MSBuild\Microsoft\VC\v160\Microsoft.CppCommon.targets(155,5): error MSB3073: endlocal & call :cmErrorLevel %errorlevel% & goto :cmDone
C:\Program Files (x86)\Microsoft Visual Studio\2019\Community\MSBuild\Microsoft\VC\v160\Microsoft.CppCommon.targets(155,5): error MSB3073: :cmErrorLevel
C:\Program Files (x86)\Microsoft Visual Studio\2019\Community\MSBuild\Microsoft\VC\v160\Microsoft.CppCommon.targets(155,5): error MSB3073: exit /b %1
C:\Program Files (x86)\Microsoft Visual Studio\2019\Community\MSBuild\Microsoft\VC\v160\Microsoft.CppCommon.targets(155,5): error MSB3073: :cmDone
C:\Program Files (x86)\Microsoft Visual Studio\2019\Community\MSBuild\Microsoft\VC\v160\Microsoft.CppCommon.targets(155,5): error MSB3073: if %errorlevel% neq 0 goto :VCEnd
C:\Program Files (x86)\Microsoft Visual Studio\2019\Community\MSBuild\Microsoft\VC\v160\Microsoft.CppCommon.targets(155,5): error MSB3073: :VCEnd”已退出，代码为 1。
