  Automatic MOC and UIC for target QtVTKExample
  mainwindow.cpp
A:\A_EEEE2046\WorkSheet-6\Exercise_3\BUILD\ui_mainwindow.h(40,5): warning C4996: 'QVTKOpenGLWidget': Renamed to QVTKOpenGLStereoWidget
A:\A_EEEE2046\WorkSheet-6\Exercise_3\BUILD\ui_mainwindow.h(84,26): warning C4996: 'QVTKOpenGLWidget': Renamed to QVTKOpenGLStereoWidget
A:\A_EEEE2046\WorkSheet-6\Exercise_3\mainwindow.cpp(79,54): error C2065: 'vtkArrowSource': undeclared identifier
A:\A_EEEE2046\WorkSheet-6\Exercise_3\mainwindow.cpp(79,38): error C2923: 'vtkSmartPointer': 'vtkArrowSource' is not a valid template type argument for parameter 'T'
A:\A_EEEE2046\WorkSheet-6\Exercise_3\mainwindow.cpp(79): message : see declaration of 'vtkArrowSource'
A:\A_EEEE2046\WorkSheet-6\Exercise_3\mainwindow.cpp(79,71): error C2955: 'vtkSmartPointer': use of class template requires template argument list
C:\Program Files (x86)\VTK\include\vtk-9.1\vtkSmartPointer.h(35): message : see declaration of 'vtkSmartPointer'
A:\A_EEEE2046\WorkSheet-6\Exercise_3\mainwindow.cpp(80,54): error C2065: 'vtkConeSource': undeclared identifier
A:\A_EEEE2046\WorkSheet-6\Exercise_3\mainwindow.cpp(80,38): error C2923: 'vtkSmartPointer': 'vtkConeSource' is not a valid template type argument for parameter 'T'
A:\A_EEEE2046\WorkSheet-6\Exercise_3\mainwindow.cpp(80): message : see declaration of 'vtkConeSource'
A:\A_EEEE2046\WorkSheet-6\Exercise_3\mainwindow.cpp(80,70): error C2955: 'vtkSmartPointer': use of class template requires template argument list
C:\Program Files (x86)\VTK\include\vtk-9.1\vtkSmartPointer.h(35): message : see declaration of 'vtkSmartPointer'
A:\A_EEEE2046\WorkSheet-6\Exercise_3\mainwindow.cpp(82,54): error C2065: 'vtkCylinderSource': undeclared identifier
A:\A_EEEE2046\WorkSheet-6\Exercise_3\mainwindow.cpp(82,38): error C2923: 'vtkSmartPointer': 'vtkCylinderSource' is not a valid template type argument for parameter 'T'
A:\A_EEEE2046\WorkSheet-6\Exercise_3\mainwindow.cpp(82): message : see declaration of 'vtkCylinderSource'
A:\A_EEEE2046\WorkSheet-6\Exercise_3\mainwindow.cpp(82,74): error C2955: 'vtkSmartPointer': use of class template requires template argument list
C:\Program Files (x86)\VTK\include\vtk-9.1\vtkSmartPointer.h(35): message : see declaration of 'vtkSmartPointer'
A:\A_EEEE2046\WorkSheet-6\Exercise_3\mainwindow.cpp(83,54): error C2065: 'vtkDiskSource': undeclared identifier
A:\A_EEEE2046\WorkSheet-6\Exercise_3\mainwindow.cpp(83,38): error C2923: 'vtkSmartPointer': 'vtkDiskSource' is not a valid template type argument for parameter 'T'
A:\A_EEEE2046\WorkSheet-6\Exercise_3\mainwindow.cpp(83): message : see declaration of 'vtkDiskSource'
A:\A_EEEE2046\WorkSheet-6\Exercise_3\mainwindow.cpp(83,70): error C2955: 'vtkSmartPointer': use of class template requires template argument list
C:\Program Files (x86)\VTK\include\vtk-9.1\vtkSmartPointer.h(35): message : see declaration of 'vtkSmartPointer'
A:\A_EEEE2046\WorkSheet-6\Exercise_3\mainwindow.cpp(84,54): error C2065: 'vtkLineSource': undeclared identifier
A:\A_EEEE2046\WorkSheet-6\Exercise_3\mainwindow.cpp(84,38): error C2923: 'vtkSmartPointer': 'vtkLineSource' is not a valid template type argument for parameter 'T'
A:\A_EEEE2046\WorkSheet-6\Exercise_3\mainwindow.cpp(84): message : see declaration of 'vtkLineSource'
A:\A_EEEE2046\WorkSheet-6\Exercise_3\mainwindow.cpp(84,70): error C2955: 'vtkSmartPointer': use of class template requires template argument list
C:\Program Files (x86)\VTK\include\vtk-9.1\vtkSmartPointer.h(35): message : see declaration of 'vtkSmartPointer'
A:\A_EEEE2046\WorkSheet-6\Exercise_3\mainwindow.cpp(86,25): error C2065: 'vtkRegularPolygonSource': undeclared identifier
A:\A_EEEE2046\WorkSheet-6\Exercise_3\mainwindow.cpp(86,9): error C2923: 'vtkSmartPointer': 'vtkRegularPolygonSource' is not a valid template type argument for parameter 'T'
A:\A_EEEE2046\WorkSheet-6\Exercise_3\mainwindow.cpp(86): message : see declaration of 'vtkRegularPolygonSource'
A:\A_EEEE2046\WorkSheet-6\Exercise_3\mainwindow.cpp(86,51): error C2955: 'vtkSmartPointer': use of class template requires template argument list
C:\Program Files (x86)\VTK\include\vtk-9.1\vtkSmartPointer.h(35): message : see declaration of 'vtkSmartPointer'
A:\A_EEEE2046\WorkSheet-6\Exercise_3\mainwindow.cpp(87,54): error C2065: 'vtkSphereSource': undeclared identifier
A:\A_EEEE2046\WorkSheet-6\Exercise_3\mainwindow.cpp(87,38): error C2923: 'vtkSmartPointer': 'vtkSphereSource' is not a valid template type argument for parameter 'T'
A:\A_EEEE2046\WorkSheet-6\Exercise_3\mainwindow.cpp(87): message : see declaration of 'vtkSphereSource'
A:\A_EEEE2046\WorkSheet-6\Exercise_3\mainwindow.cpp(87,72): error C2955: 'vtkSmartPointer': use of class template requires template argument list
C:\Program Files (x86)\VTK\include\vtk-9.1\vtkSmartPointer.h(35): message : see declaration of 'vtkSmartPointer'
A:\A_EEEE2046\WorkSheet-6\Exercise_3\mainwindow.cpp(92,33): error C2065: 'vtkTextMapper': undeclared identifier
A:\A_EEEE2046\WorkSheet-6\Exercise_3\mainwindow.cpp(92,17): error C2923: 'vtkSmartPointer': 'vtkTextMapper' is not a valid template type argument for parameter 'T'
A:\A_EEEE2046\WorkSheet-6\Exercise_3\mainwindow.cpp(92): message : see declaration of 'vtkTextMapper'
A:\A_EEEE2046\WorkSheet-6\Exercise_3\mainwindow.cpp(92,17): error C3203: 'vtkSmartPointer': unspecialized class template can't be used as a template argument for template parameter '_Ty', expected a real type
A:\A_EEEE2046\WorkSheet-6\Exercise_3\mainwindow.cpp(104,32): error C2065: 'cubeSource': undeclared identifier
A:\A_EEEE2046\WorkSheet-6\Exercise_3\mainwindow.cpp(168,53): error C2664: 'void vtkRenderer::AddActor(vtkProp *)': cannot convert argument 1 from '_Ty' to 'vtkProp *'
          with
          [
              _Ty=vtkSmartPointer<vtkActor2D>
          ]
A:\A_EEEE2046\WorkSheet-6\Exercise_3\mainwindow.cpp(168,52): message : No user-defined-conversion operator available that can perform this conversion, or the operator cannot be called
C:\Program Files (x86)\VTK\include\vtk-9.1\vtkRenderer.h(82,8): message : see declaration of 'vtkRenderer::AddActor'
A:\A_EEEE2046\WorkSheet-6\Exercise_3\mainwindow.cpp(25,16): warning C4996: 'QVTKOpenGLStereoWidget::SetRenderWindow': Use QVTKOpenGLStereoWidget::setRenderWindow
